<?xml version="1.0" encoding="UTF-8"?>
<testsuite xmlns:xsi="http://www.w3.org/2001/XMLSchema-instance" xsi:noNamespaceSchemaLocation="https://maven.apache.org/surefire/maven-surefire-plugin/xsd/surefire-test-report.xsd" version="3.0.2" name="repository.ShowSeatRepositoryIntegrationTest" time="46.106" tests="9" errors="0" skipped="0" failures="0">
  <properties>
[...]
</properties>
  <testcase name="cancellingAfterShowStartIsRejected" classname="repository.ShowSeatRepositoryIntegrationTest" time="0.09"/>
  <testcase name="onlyOneConcurrentClaimSucceeds" classname="repository.ShowSeatRepositoryIntegrationTest" time="0.069"/>
  <testcase name="partialRefundLeavesTheRetainedAmountWithAdmin" classname="repository.ShowSeatRepositoryIntegrationTest" time="0.06"/>
  <testcase name="bookingAndPartialCancellationLeaveTwentyFivePercentWithAdmin" classname="repository.ShowSeatRepositoryIntegrationTest" time="15.268"/>
  <testcase name="insufficientBalanceRollsBackBookingAndSeatClaim" classname="repository.ShowSeatRepositoryIntegrationTest" time="15.057"/>
  <testcase name="fullRefundMovesTheEntireRequestedAmountToCustomer" classname="repository.ShowSeatRepositoryIntegrationTest" time="0.034"/>
  <testcase name="expiredPendingBookingReleasesItsClaimedSeat" classname="repository.ShowSeatRepositoryIntegrationTest" time="0.025"/>
  <testcase name="cancellingConfirmedBookingReversesWalletsAndReleasesSeat" classname="repository.ShowSeatRepositoryIntegrationTest" time="0.047"/>
  <testcase name="onlyOneBookingServiceRequestAcquiresTheSameSeatLock" classname="repository.ShowSeatRepositoryIntegrationTest" time="15.12"/>
</testsuite>